<?xml version="1.0" encoding="UTF-8"?>
<!-- Generated by org.testng.reporters.JUnitReportReporter -->
<testsuite skipped="0" hostname="LAPTOP-AV8JRCAO" name="testScripts.Practice1Test" tests="1" failures="0" timestamp="2023-03-09T16:08:36 IST" time="0.010" errors="0">
  <testcase name="practice1Test" time="0.010" classname="testScripts.Practice1Test"/>
  <system-out/>
</testsuite> <!-- testScripts.Practice1Test -->
