<?xml version="1.0" encoding="UTF-8"?>
<!-- Generated by org.testng.reporters.JUnitReportReporter -->
<testsuite skipped="0" hostname="LAPTOP-AV8JRCAO" name="testScripts.ReadDataFromParameters" tests="1" failures="0" timestamp="2023-03-09T15:02:18 IST" time="0.009" errors="0">
  <testcase name="readDataFromParametersTest" time="0.009" classname="testScripts.ReadDataFromParameters"/>
  <system-out/>
</testsuite> <!-- testScripts.ReadDataFromParameters -->
