<?xml version="1.0" encoding="UTF-8"?>
<!-- Generated by org.testng.reporters.JUnitReportReporter -->
<testsuite skipped="0" hostname="LAPTOP-AV8JRCAO" name="testScripts.Practice4" tests="1" failures="0" timestamp="2023-03-09T15:02:32 IST" time="0.008" errors="0">
  <testcase name="practice4Test" time="0.008" classname="testScripts.Practice4"/>
  <system-out/>
</testsuite> <!-- testScripts.Practice4 -->
